Using pre-set license
Built from '2021.1/staging' branch; Version is '2021.1.6f1 (c0fade0cc7e9) revision 12647134'; Using compiler version '192528614'; Build Type 'Release'
OS: 'Windows 10 Pro; OS build 21390.2025; Version 2009; 64bit' Language: 'en' Physical Memory: 12157 MB
BatchMode: 1, IsHumanControllingUs: 0, StartBugReporterOnCrash: 0, Is64bit: 1, IsPro: 0

 COMMAND LINE ARGUMENTS:
C:\Program Files\Unity 2021.1.6f1\Editor\Unity.exe
-adb2
-batchMode
-noUpm
-name
AssetImportWorker0
-projectPath
C:/Users/Yogesh/Documents/Unity/Prototype_4
-logFile
Logs/AssetImportWorker0.log
-srvPort
60417
Successfully changed project path to: C:/Users/Yogesh/Documents/Unity/Prototype_4
C:/Users/Yogesh/Documents/Unity/Prototype_4
Using Asset Import Pipeline V2.
Refreshing native plugins compatible for Editor in 262.32 ms, found 1 plugins.
Preloading 0 native plugins for Editor in 0.00 ms.
Initialize engine version: 2021.1.6f1 (c0fade0cc7e9)
[Subsystems] Discovering subsystems at path C:/Program Files/Unity 2021.1.6f1/Editor/Data/Resources/UnitySubsystems
[Subsystems] Discovering subsystems at path C:/Users/Yogesh/Documents/Unity/Prototype_4/Assets
GfxDevice: creating device client; threaded=0; jobified=0
Direct3D:
    Version:  Direct3D 11.0 [level 11.0]
    Renderer: NVIDIA GeForce GT 610 (ID=0x104a)
    Vendor:   NVIDIA
    VRAM:     1989 MB
    Driver:   23.21.13.9135
Initialize mono
Mono path[0] = 'C:/Program Files/Unity 2021.1.6f1/Editor/Data/Managed'
Mono path[1] = 'C:/Program Files/Unity 2021.1.6f1/Editor/Data/MonoBleedingEdge/lib/mono/unityjit'
Mono config path = 'C:/Program Files/Unity 2021.1.6f1/Editor/Data/MonoBleedingEdge/etc'
Using monoOptions --debugger-agent=transport=dt_socket,embedding=1,server=y,suspend=n,address=127.0.0.1:56956
Begin MonoManager ReloadAssembly
Registering precompiled unity dll's ...
Register platform support module: C:/Program Files/Unity 2021.1.6f1/Editor/Data/PlaybackEngines/WebGLSupport/UnityEditor.WebGL.Extensions.dll
Register platform support module: C:/Program Files/Unity 2021.1.6f1/Editor/Data/PlaybackEngines/WindowsStandaloneSupport/UnityEditor.WindowsStandalone.Extensions.dll
Registered in 0.002834 seconds.
Native extension for WindowsStandalone target not found
Native extension for WebGL target not found
Refreshing native plugins compatible for Editor in 94.80 ms, found 1 plugins.
Preloading 0 native plugins for Editor in 0.00 ms.
Mono: successfully reloaded assembly
- Completed reload, in  2.077 seconds
Platform modules already initialized, skipping
Registering precompiled user dll's ...
Registered in 0.007368 seconds.
Begin MonoManager ReloadAssembly
Native extension for WindowsStandalone target not found
Native extension for WebGL target not found
Refreshing native plugins compatible for Editor in 0.62 ms, found 1 plugins.
Preloading 0 native plugins for Editor in 0.00 ms.
Mono: successfully reloaded assembly
- Completed reload, in  1.956 seconds
Platform modules already initialized, skipping
========================================================================
Worker process is ready to serve import requests
Launched and connected shader compiler UnityShaderCompiler.exe after 0.14 seconds
Refreshing native plugins compatible for Editor in 1.50 ms, found 1 plugins.
Preloading 0 native plugins for Editor in 0.00 ms.
Unloading 2674 Unused Serialized files (Serialized files now loaded: 0)
System memory in use before: 98.7 MB.
System memory in use after: 98.9 MB.

Unloading 15 unused Assets to reduce memory usage. Loaded Objects now: 3128.
Total: 4.078800 ms (FindLiveObjects: 0.304800 ms CreateObjectMapping: 0.162000 ms MarkObjects: 3.517400 ms  DeleteObjects: 0.092400 ms)

========================================================================
Received Import Request.
  path: Assets/Scripts/SpawnManager.cs
  artifactKey: Guid(76131036274f20e41b501e72c8f52a1b) Importer(815301076,1909f56bfc062723c751e8b465ee728b)
Start importing Assets/Scripts/SpawnManager.cs using Guid(76131036274f20e41b501e72c8f52a1b) Importer(815301076,1909f56bfc062723c751e8b465ee728b)  -> (artifact id: '249896eed199690188bcabe4c6dab65b') in 0.392078 seconds 
========================================================================
Received Import Request.
  Time since last request: 109.062559 seconds.
  path: Assets/Scripts/SpawnManager.cs
  artifactKey: Guid(76131036274f20e41b501e72c8f52a1b) Importer(815301076,1909f56bfc062723c751e8b465ee728b)
Start importing Assets/Scripts/SpawnManager.cs using Guid(76131036274f20e41b501e72c8f52a1b) Importer(815301076,1909f56bfc062723c751e8b465ee728b)  -> (artifact id: 'ec966a0cbeb8715157d19aaac41bb6c0') in 0.002325 seconds 
========================================================================
Received Prepare
Registering precompiled user dll's ...
Registered in 0.003620 seconds.
Begin MonoManager ReloadAssembly
Native extension for WindowsStandalone target not found
Native extension for WebGL target not found
Refreshing native plugins compatible for Editor in 0.68 ms, found 1 plugins.
Preloading 0 native plugins for Editor in 0.00 ms.
Mono: successfully reloaded assembly
- Completed reload, in  1.925 seconds
Platform modules already initialized, skipping
Refreshing native plugins compatible for Editor in 0.69 ms, found 1 plugins.
Preloading 0 native plugins for Editor in 0.00 ms.
Unloading 2668 Unused Serialized files (Serialized files now loaded: 0)
System memory in use before: 98.6 MB.
System memory in use after: 98.8 MB.

Unloading 10 unused Assets to reduce memory usage. Loaded Objects now: 3131.
Total: 3.246200 ms (FindLiveObjects: 0.367500 ms CreateObjectMapping: 0.301700 ms MarkObjects: 2.508200 ms  DeleteObjects: 0.067300 ms)

========================================================================
Received Import Request.
  Time since last request: 36.862360 seconds.
  path: Assets/Prefabs/Enemy 1.prefab
  artifactKey: Guid(cf012d31481cc864e91fbcd3c4e82382) Importer(815301076,1909f56bfc062723c751e8b465ee728b)
Start importing Assets/Prefabs/Enemy 1.prefab using Guid(cf012d31481cc864e91fbcd3c4e82382) Importer(815301076,1909f56bfc062723c751e8b465ee728b)  -> (artifact id: '15b55ba29f2f3b4abb9650663e88b07b') in 0.167543 seconds 
========================================================================
Received Import Request.
  Time since last request: 12.883030 seconds.
  path: Assets/Prefabs/EnemyFast.prefab
  artifactKey: Guid(cf012d31481cc864e91fbcd3c4e82382) Importer(815301076,1909f56bfc062723c751e8b465ee728b)
Start importing Assets/Prefabs/EnemyFast.prefab using Guid(cf012d31481cc864e91fbcd3c4e82382) Importer(815301076,1909f56bfc062723c751e8b465ee728b)  -> (artifact id: '66392c93828e5b59017904295a906a5e') in 0.020181 seconds 
========================================================================
Received Import Request.
  Time since last request: 68.852733 seconds.
  path: Assets/Prefabs/EnemyFast.prefab
  artifactKey: Guid(cf012d31481cc864e91fbcd3c4e82382) Importer(815301076,1909f56bfc062723c751e8b465ee728b)
Start importing Assets/Prefabs/EnemyFast.prefab using Guid(cf012d31481cc864e91fbcd3c4e82382) Importer(815301076,1909f56bfc062723c751e8b465ee728b)  -> (artifact id: '9f4b2c2e65edd58d8b215a70dbffde61') in 0.011650 seconds 
========================================================================
Received Import Request.
  Time since last request: 31.093125 seconds.
  path: Assets/Prefabs/Enemy.prefab
  artifactKey: Guid(62adf677d00d3934590f2dc6443cb418) Importer(815301076,1909f56bfc062723c751e8b465ee728b)
Start importing Assets/Prefabs/Enemy.prefab using Guid(62adf677d00d3934590f2dc6443cb418) Importer(815301076,1909f56bfc062723c751e8b465ee728b)  -> (artifact id: '1e8ae597c7517f21d3e67fcfe5e71c37') in 0.009916 seconds 
========================================================================
Received Import Request.
  Time since last request: 45.736445 seconds.
  path: Assets/Prefabs/EnemyFast.prefab
  artifactKey: Guid(cf012d31481cc864e91fbcd3c4e82382) Importer(815301076,1909f56bfc062723c751e8b465ee728b)
Start importing Assets/Prefabs/EnemyFast.prefab using Guid(cf012d31481cc864e91fbcd3c4e82382) Importer(815301076,1909f56bfc062723c751e8b465ee728b)  -> (artifact id: '666c8d97ff7f0a1df3eee003293ecaa2') in 0.015574 seconds 
========================================================================
Received Import Request.
  Time since last request: 77.080730 seconds.
  path: Assets/Course Library/_Source_Files/Materials/PolygonMinis_Fantasy_01.mat
  artifactKey: Guid(a16b7b85a356b7d469067849a165dcff) Importer(815301076,1909f56bfc062723c751e8b465ee728b)
Start importing Assets/Course Library/_Source_Files/Materials/PolygonMinis_Fantasy_01.mat using Guid(a16b7b85a356b7d469067849a165dcff) Importer(815301076,1909f56bfc062723c751e8b465ee728b)  -> (artifact id: '3474170305b269cd309bbea94b1552e2') in 0.086528 seconds 
========================================================================
Received Import Request.
  Time since last request: 0.001589 seconds.
  path: Assets/Course Library/_Source_Files/Materials/SimpleSky.mat
  artifactKey: Guid(e68f77e240a7f8643b5cc4253dc37516) Importer(815301076,1909f56bfc062723c751e8b465ee728b)
Start importing Assets/Course Library/_Source_Files/Materials/SimpleSky.mat using Guid(e68f77e240a7f8643b5cc4253dc37516) Importer(815301076,1909f56bfc062723c751e8b465ee728b)  -> (artifact id: 'd592b15c3eec66b3c537e86cacd10051') in 0.023530 seconds 
========================================================================
Received Import Request.
  Time since last request: 0.000469 seconds.
  path: Assets/Course Library/_Source_Files/Materials/PolygonPrototype_Texture_01.mat
  artifactKey: Guid(41680dad0f0243748b4e228f49a2e3c4) Importer(815301076,1909f56bfc062723c751e8b465ee728b)
Start importing Assets/Course Library/_Source_Files/Materials/PolygonPrototype_Texture_01.mat using Guid(41680dad0f0243748b4e228f49a2e3c4) Importer(815301076,1909f56bfc062723c751e8b465ee728b)  -> (artifact id: 'a4f22ae55f9793b59bfd22cbba44924f') in 0.045100 seconds 
========================================================================
Received Import Request.
  Time since last request: 0.003147 seconds.
  path: Assets/Course Library/_Source_Files/Materials/SimpleIcons.mat
  artifactKey: Guid(9c0880e4cd8a8704e82b6940624b569a) Importer(815301076,1909f56bfc062723c751e8b465ee728b)
Start importing Assets/Course Library/_Source_Files/Materials/SimpleIcons.mat using Guid(9c0880e4cd8a8704e82b6940624b569a) Importer(815301076,1909f56bfc062723c751e8b465ee728b)  -> (artifact id: 'c9445609f9f92f1640bb33d0b522c5e9') in 0.030985 seconds 
========================================================================
Received Import Request.
  Time since last request: 8.463629 seconds.
  path: Assets/Course Library/Textures/Ground/Materials/Grass.mat
  artifactKey: Guid(5b7ef1bced4514b68ad742afc6c66e35) Importer(815301076,1909f56bfc062723c751e8b465ee728b)
Start importing Assets/Course Library/Textures/Ground/Materials/Grass.mat using Guid(5b7ef1bced4514b68ad742afc6c66e35) Importer(815301076,1909f56bfc062723c751e8b465ee728b)  -> (artifact id: 'befa90c522d07cd64c5b58aff854665e') in 0.035171 seconds 
========================================================================
Received Import Request.
  Time since last request: 0.000350 seconds.
  path: Assets/Course Library/_Source_Files/Materials/FX_Dust.mat
  artifactKey: Guid(cd97a4f0bfba00a46a4a29156f2a23bd) Importer(815301076,1909f56bfc062723c751e8b465ee728b)
Start importing Assets/Course Library/_Source_Files/Materials/FX_Dust.mat using Guid(cd97a4f0bfba00a46a4a29156f2a23bd) Importer(815301076,1909f56bfc062723c751e8b465ee728b)  -> (artifact id: 'a0852d104f6970b8e80714b45d8beb04') in 0.027147 seconds 
========================================================================
Received Import Request.
  Time since last request: 0.000119 seconds.
  path: Assets/Course Library/_Source_Files/Materials/FX_Base.mat
  artifactKey: Guid(a0cec58fc32f482418596ffdf7c0d693) Importer(815301076,1909f56bfc062723c751e8b465ee728b)
Start importing Assets/Course Library/_Source_Files/Materials/FX_Base.mat using Guid(a0cec58fc32f482418596ffdf7c0d693) Importer(815301076,1909f56bfc062723c751e8b465ee728b)  -> (artifact id: 'c04d7ca0d6864aeef74c16270aa98af9') in 0.039277 seconds 
========================================================================
Received Import Request.
  Time since last request: 65.681322 seconds.
  path: Assets/Course Library/Materials/FastEnemyMaterial.mat
  artifactKey: Guid(e4f9a9fc70f6dbc458dd4da25c9896b6) Importer(815301076,1909f56bfc062723c751e8b465ee728b)
Start importing Assets/Course Library/Materials/FastEnemyMaterial.mat using Guid(e4f9a9fc70f6dbc458dd4da25c9896b6) Importer(815301076,1909f56bfc062723c751e8b465ee728b)  -> (artifact id: 'b66076285a76ba5b2322077cf852052f') in 0.029108 seconds 
========================================================================
Received Import Request.
  Time since last request: 194.035104 seconds.
  path: Assets/Scripts/PowerUp.cs
  artifactKey: Guid(e8bd35aeacc1c6a4aabe05a4bca5890e) Importer(815301076,1909f56bfc062723c751e8b465ee728b)
Start importing Assets/Scripts/PowerUp.cs using Guid(e8bd35aeacc1c6a4aabe05a4bca5890e) Importer(815301076,1909f56bfc062723c751e8b465ee728b)  -> (artifact id: '4d3fbe0b3e73f496ffd9a3564409f628') in 0.008257 seconds 
========================================================================
Received Prepare
Registering precompiled user dll's ...
Registered in 0.005192 seconds.
Begin MonoManager ReloadAssembly
Native extension for WindowsStandalone target not found
Native extension for WebGL target not found
Refreshing native plugins compatible for Editor in 0.66 ms, found 1 plugins.
Preloading 0 native plugins for Editor in 0.00 ms.
Mono: successfully reloaded assembly
- Completed reload, in  2.371 seconds
Platform modules already initialized, skipping
Refreshing native plugins compatible for Editor in 0.72 ms, found 1 plugins.
Preloading 0 native plugins for Editor in 0.00 ms.
Unloading 2669 Unused Serialized files (Serialized files now loaded: 0)
System memory in use before: 102.9 MB.
System memory in use after: 103.1 MB.

Unloading 11 unused Assets to reduce memory usage. Loaded Objects now: 3178.
Total: 2.421200 ms (FindLiveObjects: 0.258400 ms CreateObjectMapping: 0.146000 ms MarkObjects: 1.916400 ms  DeleteObjects: 0.098400 ms)

========================================================================
Received Prepare
Registering precompiled user dll's ...
Registered in 0.003857 seconds.
Begin MonoManager ReloadAssembly
Native extension for WindowsStandalone target not found
Native extension for WebGL target not found
Refreshing native plugins compatible for Editor in 0.70 ms, found 1 plugins.
Preloading 0 native plugins for Editor in 0.00 ms.
Mono: successfully reloaded assembly
- Completed reload, in  1.936 seconds
Platform modules already initialized, skipping
Refreshing native plugins compatible for Editor in 0.65 ms, found 1 plugins.
Preloading 0 native plugins for Editor in 0.00 ms.
Unloading 2669 Unused Serialized files (Serialized files now loaded: 0)
System memory in use before: 102.9 MB.
System memory in use after: 103.1 MB.

Unloading 10 unused Assets to reduce memory usage. Loaded Objects now: 3181.
Total: 2.626300 ms (FindLiveObjects: 0.271200 ms CreateObjectMapping: 0.175700 ms MarkObjects: 2.117400 ms  DeleteObjects: 0.060500 ms)

========================================================================
Received Import Request.
  Time since last request: 128.538031 seconds.
  path: Assets/Scripts/PowerUp.cs
  artifactKey: Guid(e8bd35aeacc1c6a4aabe05a4bca5890e) Importer(815301076,1909f56bfc062723c751e8b465ee728b)
Start importing Assets/Scripts/PowerUp.cs using Guid(e8bd35aeacc1c6a4aabe05a4bca5890e) Importer(815301076,1909f56bfc062723c751e8b465ee728b)  -> (artifact id: '86c8f410d8ff27ee79497cf830de0724') in 0.006606 seconds 
========================================================================
Received Import Request.
  Time since last request: 41.535655 seconds.
  path: Assets/Scripts/RocketBehaviour.cs
  artifactKey: Guid(3dafab69cbb7a9c429eb8c48f6da7830) Importer(815301076,1909f56bfc062723c751e8b465ee728b)
Start importing Assets/Scripts/RocketBehaviour.cs using Guid(3dafab69cbb7a9c429eb8c48f6da7830) Importer(815301076,1909f56bfc062723c751e8b465ee728b)  -> (artifact id: '14cdfd6f76169725e6511f58746a8353') in 0.012686 seconds 
========================================================================
Received Prepare
Registering precompiled user dll's ...
Registered in 0.003662 seconds.
Begin MonoManager ReloadAssembly
Native extension for WindowsStandalone target not found
Native extension for WebGL target not found
Refreshing native plugins compatible for Editor in 2.01 ms, found 1 plugins.
Preloading 0 native plugins for Editor in 0.00 ms.
Mono: successfully reloaded assembly
- Completed reload, in  2.084 seconds
Platform modules already initialized, skipping
Refreshing native plugins compatible for Editor in 0.65 ms, found 1 plugins.
Preloading 0 native plugins for Editor in 0.00 ms.
Unloading 2670 Unused Serialized files (Serialized files now loaded: 0)
System memory in use before: 103.0 MB.
System memory in use after: 103.2 MB.

Unloading 10 unused Assets to reduce memory usage. Loaded Objects now: 3185.
Total: 2.700400 ms (FindLiveObjects: 0.297300 ms CreateObjectMapping: 0.248100 ms MarkObjects: 2.098600 ms  DeleteObjects: 0.055300 ms)

========================================================================
Received Prepare
Registering precompiled user dll's ...
Registered in 0.004525 seconds.
Begin MonoManager ReloadAssembly
Native extension for WindowsStandalone target not found
Native extension for WebGL target not found
Refreshing native plugins compatible for Editor in 0.71 ms, found 1 plugins.
Preloading 0 native plugins for Editor in 0.00 ms.
Mono: successfully reloaded assembly
- Completed reload, in  2.192 seconds
Platform modules already initialized, skipping
Refreshing native plugins compatible for Editor in 0.61 ms, found 1 plugins.
Preloading 0 native plugins for Editor in 0.00 ms.
Unloading 2670 Unused Serialized files (Serialized files now loaded: 0)
System memory in use before: 103.0 MB.
System memory in use after: 103.2 MB.

Unloading 10 unused Assets to reduce memory usage. Loaded Objects now: 3188.
Total: 2.685000 ms (FindLiveObjects: 0.311500 ms CreateObjectMapping: 0.253000 ms MarkObjects: 2.059700 ms  DeleteObjects: 0.059600 ms)

========================================================================
Received Import Request.
  Time since last request: 960.489356 seconds.
  path: Assets/Scripts/RocketBehaviour.cs
  artifactKey: Guid(3dafab69cbb7a9c429eb8c48f6da7830) Importer(815301076,1909f56bfc062723c751e8b465ee728b)
Start importing Assets/Scripts/RocketBehaviour.cs using Guid(3dafab69cbb7a9c429eb8c48f6da7830) Importer(815301076,1909f56bfc062723c751e8b465ee728b)  -> (artifact id: '470023c5a5c51c32d881233455cc4def') in 0.013115 seconds 
========================================================================
Received Import Request.
  Time since last request: 8.792853 seconds.
  path: Assets/Prefabs/Powerup 1.prefab
  artifactKey: Guid(0cdd521ba9bd8a04b928a4ade5af90c2) Importer(815301076,1909f56bfc062723c751e8b465ee728b)
Start importing Assets/Prefabs/Powerup 1.prefab using Guid(0cdd521ba9bd8a04b928a4ade5af90c2) Importer(815301076,1909f56bfc062723c751e8b465ee728b)  -> (artifact id: '45431e6988181eb9d6d74a8348cb8720') in 0.117337 seconds 
========================================================================
Received Import Request.
  Time since last request: 3.125289 seconds.
  path: Assets/Prefabs/PowerupRockets.prefab
  artifactKey: Guid(0cdd521ba9bd8a04b928a4ade5af90c2) Importer(815301076,1909f56bfc062723c751e8b465ee728b)
Start importing Assets/Prefabs/PowerupRockets.prefab using Guid(0cdd521ba9bd8a04b928a4ade5af90c2) Importer(815301076,1909f56bfc062723c751e8b465ee728b)  -> (artifact id: '69ec9f9a082bf7a32dc44ff27d0e9d16') in 0.027264 seconds 
========================================================================
Received Import Request.
  Time since last request: 32.208385 seconds.
  path: Assets/Prefabs/PowerupRockets.prefab
  artifactKey: Guid(0cdd521ba9bd8a04b928a4ade5af90c2) Importer(815301076,1909f56bfc062723c751e8b465ee728b)
Start importing Assets/Prefabs/PowerupRockets.prefab using Guid(0cdd521ba9bd8a04b928a4ade5af90c2) Importer(815301076,1909f56bfc062723c751e8b465ee728b)  -> (artifact id: '8463d49ea353a3b9d63d56576af5408e') in 0.017892 seconds 
========================================================================
Received Import Request.
  Time since last request: 3.526280 seconds.
  path: Assets/Prefabs/PowerupRockets.prefab
  artifactKey: Guid(0cdd521ba9bd8a04b928a4ade5af90c2) Importer(815301076,1909f56bfc062723c751e8b465ee728b)
Start importing Assets/Prefabs/PowerupRockets.prefab using Guid(0cdd521ba9bd8a04b928a4ade5af90c2) Importer(815301076,1909f56bfc062723c751e8b465ee728b)  -> (artifact id: 'faca181ca1a7e14e8fddc7886d22612f') in 0.028430 seconds 
========================================================================
Received Import Request.
  Time since last request: 70.770871 seconds.
  path: Assets/Prefabs/PowerupRockets.prefab
  artifactKey: Guid(0cdd521ba9bd8a04b928a4ade5af90c2) Importer(815301076,1909f56bfc062723c751e8b465ee728b)
Start importing Assets/Prefabs/PowerupRockets.prefab using Guid(0cdd521ba9bd8a04b928a4ade5af90c2) Importer(815301076,1909f56bfc062723c751e8b465ee728b)  -> (artifact id: 'a1d31d00d1f8e4f2ca2dd01ba3527e53') in 0.031156 seconds 
========================================================================
Received Import Request.
  Time since last request: 12.981207 seconds.
  path: Assets/Prefabs/Powerup.prefab
  artifactKey: Guid(5277d7810e9d712468fc627d605cc2b4) Importer(815301076,1909f56bfc062723c751e8b465ee728b)
Start importing Assets/Prefabs/Powerup.prefab using Guid(5277d7810e9d712468fc627d605cc2b4) Importer(815301076,1909f56bfc062723c751e8b465ee728b)  -> (artifact id: 'b05ed7d78200545a4df8f3a7e4fd7e2c') in 0.016496 seconds 
========================================================================
Received Import Request.
  Time since last request: 1.846892 seconds.
  path: Assets/Prefabs/Powerup.prefab
  artifactKey: Guid(5277d7810e9d712468fc627d605cc2b4) Importer(815301076,1909f56bfc062723c751e8b465ee728b)
Start importing Assets/Prefabs/Powerup.prefab using Guid(5277d7810e9d712468fc627d605cc2b4) Importer(815301076,1909f56bfc062723c751e8b465ee728b)  -> (artifact id: '18bfacc23b1ec436e3f686b96bb9ec7d') in 0.019899 seconds 
========================================================================
Received Import Request.
  Time since last request: 185.654346 seconds.
  path: Assets/Course Library/Materials/FastEnemyMaterial.mat
  artifactKey: Guid(e4f9a9fc70f6dbc458dd4da25c9896b6) Importer(815301076,1909f56bfc062723c751e8b465ee728b)
Start importing Assets/Course Library/Materials/FastEnemyMaterial.mat using Guid(e4f9a9fc70f6dbc458dd4da25c9896b6) Importer(815301076,1909f56bfc062723c751e8b465ee728b)  -> (artifact id: 'abb139eedf70f14e093acdc0ea4e5faa') in 0.028450 seconds 
========================================================================
Received Import Request.
  Time since last request: 41.072582 seconds.
  path: Assets/Course Library/_Source_Files/Materials/FX_Mist.prefab
  artifactKey: Guid(3fd5555088952419ebf0eb82e9096fa5) Importer(815301076,1909f56bfc062723c751e8b465ee728b)
Start importing Assets/Course Library/_Source_Files/Materials/FX_Mist.prefab using Guid(3fd5555088952419ebf0eb82e9096fa5) Importer(815301076,1909f56bfc062723c751e8b465ee728b)  -> (artifact id: '8619eb8f987d66a6f28e75c1b032fb97') in 0.009678 seconds 
========================================================================
Received Import Request.
  Time since last request: 34.305233 seconds.
  path: Assets/Course Library/_Source_Files/Materials/PowerUpRockets_Material.mat
  artifactKey: Guid(561aa030ea8734245b7f1241f9edbafe) Importer(815301076,1909f56bfc062723c751e8b465ee728b)
Start importing Assets/Course Library/_Source_Files/Materials/PowerUpRockets_Material.mat using Guid(561aa030ea8734245b7f1241f9edbafe) Importer(815301076,1909f56bfc062723c751e8b465ee728b)  -> (artifact id: '7ad4824c4c3fa2935f8a94fce510b66a') in 0.028034 seconds 
========================================================================
Received Import Request.
  Time since last request: 67.610738 seconds.
  path: Assets/Course Library/_Source_Files/FBX/SI_FireIcon.fbx
  artifactKey: Guid(31e6dd0b1a83d2545a63dfc9ef21c42f) Importer(815301076,1909f56bfc062723c751e8b465ee728b)
Start importing Assets/Course Library/_Source_Files/FBX/SI_FireIcon.fbx using Guid(31e6dd0b1a83d2545a63dfc9ef21c42f) Importer(815301076,1909f56bfc062723c751e8b465ee728b)  -> (artifact id: 'f6c6effc16bb78705ca5c9b4955de3cb') in 0.095143 seconds 
========================================================================
Received Import Request.
  Time since last request: 0.000360 seconds.
  path: Assets/Course Library/_Source_Files/FBX/SI_RadiationIcon.fbx
  artifactKey: Guid(658d96199cc7d3b4880fa76714523436) Importer(815301076,1909f56bfc062723c751e8b465ee728b)
Start importing Assets/Course Library/_Source_Files/FBX/SI_RadiationIcon.fbx using Guid(658d96199cc7d3b4880fa76714523436) Importer(815301076,1909f56bfc062723c751e8b465ee728b)  -> (artifact id: '18b955bd51cdc8e47cd74684ad8fe74d') in 0.038846 seconds 
========================================================================
Received Import Request.
  Time since last request: 0.000342 seconds.
  path: Assets/Course Library/_Source_Files/FBX/SM_Icon_SelectionRing_06.fbx
  artifactKey: Guid(3d6b592f14dafe34c86b57060d33f7d2) Importer(815301076,1909f56bfc062723c751e8b465ee728b)
Start importing Assets/Course Library/_Source_Files/FBX/SM_Icon_SelectionRing_06.fbx using Guid(3d6b592f14dafe34c86b57060d33f7d2) Importer(815301076,1909f56bfc062723c751e8b465ee728b)  -> (artifact id: '7b6bb2d82a0125978bc0004fa6ce2147') in 0.036461 seconds 
========================================================================
Received Import Request.
  Time since last request: 0.000348 seconds.
  path: Assets/Course Library/_Source_Files/FBX/SI_RepairIcon.fbx
  artifactKey: Guid(a23ff2708d9482e42b37fcc0c30dde67) Importer(815301076,1909f56bfc062723c751e8b465ee728b)
Start importing Assets/Course Library/_Source_Files/FBX/SI_RepairIcon.fbx using Guid(a23ff2708d9482e42b37fcc0c30dde67) Importer(815301076,1909f56bfc062723c751e8b465ee728b)  -> (artifact id: '80f318b90a9f6ab63a9caa298a8472d2') in 0.039449 seconds 
========================================================================
Received Import Request.
  Time since last request: 0.000366 seconds.
  path: Assets/Course Library/_Source_Files/FBX/SI_Symbol_Dollar.fbx
  artifactKey: Guid(513d5f56c48761f4f9782bfff612af87) Importer(815301076,1909f56bfc062723c751e8b465ee728b)
Start importing Assets/Course Library/_Source_Files/FBX/SI_Symbol_Dollar.fbx using Guid(513d5f56c48761f4f9782bfff612af87) Importer(815301076,1909f56bfc062723c751e8b465ee728b)  -> (artifact id: '2d53033937d9b5f41b97e1f7403b68a4') in 0.046420 seconds 
========================================================================
Received Import Request.
  Time since last request: 0.001262 seconds.
  path: Assets/Course Library/_Source_Files/FBX/SkyDome.fbx
  artifactKey: Guid(1340630fb7a3267499177be33f281f05) Importer(815301076,1909f56bfc062723c751e8b465ee728b)
Start importing Assets/Course Library/_Source_Files/FBX/SkyDome.fbx using Guid(1340630fb7a3267499177be33f281f05) Importer(815301076,1909f56bfc062723c751e8b465ee728b)  -> (artifact id: '6f539250519e8b5320f3beed113e8965') in 0.065709 seconds 
========================================================================
Received Import Request.
  Time since last request: 0.000300 seconds.
  path: Assets/Course Library/_Source_Files/FBX/SI_MultiplierIcon.fbx
  artifactKey: Guid(7b2e43c7f0b75f54789417d03a4eb3cb) Importer(815301076,1909f56bfc062723c751e8b465ee728b)
Start importing Assets/Course Library/_Source_Files/FBX/SI_MultiplierIcon.fbx using Guid(7b2e43c7f0b75f54789417d03a4eb3cb) Importer(815301076,1909f56bfc062723c751e8b465ee728b)  -> (artifact id: '852d8b8dbcc986579c0c79335c9d5130') in 0.044161 seconds 
========================================================================
Received Import Request.
  Time since last request: 0.000504 seconds.
  path: Assets/Course Library/_Source_Files/FBX/SM_Icon_Balloon_01.fbx
  artifactKey: Guid(2b1600b8b48e3ac4c87e5d81a4153ab7) Importer(815301076,1909f56bfc062723c751e8b465ee728b)
Start importing Assets/Course Library/_Source_Files/FBX/SM_Icon_Balloon_01.fbx using Guid(2b1600b8b48e3ac4c87e5d81a4153ab7) Importer(815301076,1909f56bfc062723c751e8b465ee728b)  -> (artifact id: 'e82aa1a62fe5956e327068c5a3203db8') in 0.040841 seconds 
========================================================================
Received Import Request.
  Time since last request: 0.000306 seconds.
  path: Assets/Course Library/_Source_Files/FBX/SM_Icon_Gem_01.fbx
  artifactKey: Guid(c8e9a715daac24048a124a1f8e3487fa) Importer(815301076,1909f56bfc062723c751e8b465ee728b)
Start importing Assets/Course Library/_Source_Files/FBX/SM_Icon_Gem_01.fbx using Guid(c8e9a715daac24048a124a1f8e3487fa) Importer(815301076,1909f56bfc062723c751e8b465ee728b)  -> (artifact id: '0dddee17c092c1b1694b1f9d0febe531') in 0.028274 seconds 
========================================================================
Received Import Request.
  Time since last request: 0.001814 seconds.
  path: Assets/Course Library/_Source_Files/FBX/SM_Icon_SelectionRing_02.fbx
  artifactKey: Guid(f53a62680c316ef41be1a025e7add452) Importer(815301076,1909f56bfc062723c751e8b465ee728b)
Start importing Assets/Course Library/_Source_Files/FBX/SM_Icon_SelectionRing_02.fbx using Guid(f53a62680c316ef41be1a025e7add452) Importer(815301076,1909f56bfc062723c751e8b465ee728b)  -> (artifact id: 'f16e0b5c8c885072bff741bb2be68932') in 0.040942 seconds 
========================================================================
Received Import Request.
  Time since last request: 0.000377 seconds.
  path: Assets/Course Library/_Source_Files/FBX/SM_Icon_SelectionRing_03.fbx
  artifactKey: Guid(64f14742378b85b4ba87441822264580) Importer(815301076,1909f56bfc062723c751e8b465ee728b)
Start importing Assets/Course Library/_Source_Files/FBX/SM_Icon_SelectionRing_03.fbx using Guid(64f14742378b85b4ba87441822264580) Importer(815301076,1909f56bfc062723c751e8b465ee728b)  -> (artifact id: 'dda0a368826bd97f433630ade89eaeaf') in 0.042496 seconds 
========================================================================
Received Import Request.
  Time since last request: 0.000328 seconds.
  path: Assets/Course Library/_Source_Files/FBX/SM_Icon_Potion_02.fbx
  artifactKey: Guid(bbe7d787b124aa64481203efb7463c45) Importer(815301076,1909f56bfc062723c751e8b465ee728b)
Start importing Assets/Course Library/_Source_Files/FBX/SM_Icon_Potion_02.fbx using Guid(bbe7d787b124aa64481203efb7463c45) Importer(815301076,1909f56bfc062723c751e8b465ee728b)  -> (artifact id: '73e8e57071aa7463af27e1e48d8ad539') in 0.036882 seconds 
========================================================================
Received Import Request.
  Time since last request: 0.000304 seconds.
  path: Assets/Course Library/_Source_Files/FBX/SM_Tile_Cube_FloatingIsland_01.fbx
  artifactKey: Guid(8654e43d5b3a28d4f821bc6203abdf26) Importer(815301076,1909f56bfc062723c751e8b465ee728b)
Start importing Assets/Course Library/_Source_Files/FBX/SM_Tile_Cube_FloatingIsland_01.fbx using Guid(8654e43d5b3a28d4f821bc6203abdf26) Importer(815301076,1909f56bfc062723c751e8b465ee728b)  -> (artifact id: '2dcb1968acfe50daf9e8a051803ac66c') in 0.040229 seconds 
========================================================================
Received Import Request.
  Time since last request: 0.000414 seconds.
  path: Assets/Course Library/_Source_Files/FBX/SM_Item_Ball_Soccer_01.fbx
  artifactKey: Guid(0779dbb263c79eb42a856eeb83797719) Importer(815301076,1909f56bfc062723c751e8b465ee728b)
Start importing Assets/Course Library/_Source_Files/FBX/SM_Item_Ball_Soccer_01.fbx using Guid(0779dbb263c79eb42a856eeb83797719) Importer(815301076,1909f56bfc062723c751e8b465ee728b)  -> (artifact id: '2e82c4189125dd0f94dc7de4546cceae') in 0.040623 seconds 
========================================================================
Received Import Request.
  Time since last request: 0.000329 seconds.
  path: Assets/Course Library/_Source_Files/FBX/SM_Tile_Hex_FloatingIsland_01.fbx
  artifactKey: Guid(8878a37eb67ddac4ead51890a31d6a18) Importer(815301076,1909f56bfc062723c751e8b465ee728b)
Start importing Assets/Course Library/_Source_Files/FBX/SM_Tile_Hex_FloatingIsland_01.fbx using Guid(8878a37eb67ddac4ead51890a31d6a18) Importer(815301076,1909f56bfc062723c751e8b465ee728b)  -> (artifact id: 'dc4998ecea4084e9dbad73eb68049eb2') in 0.043980 seconds 
========================================================================
Received Import Request.
  Time since last request: 0.000331 seconds.
  path: Assets/Course Library/_Source_Files/FBX/SI_PowerIcon.fbx
  artifactKey: Guid(44cb397c8b73c2f40bfa05c2199ffa2b) Importer(815301076,1909f56bfc062723c751e8b465ee728b)
Start importing Assets/Course Library/_Source_Files/FBX/SI_PowerIcon.fbx using Guid(44cb397c8b73c2f40bfa05c2199ffa2b) Importer(815301076,1909f56bfc062723c751e8b465ee728b)  -> (artifact id: 'b205b38f07767508f7e10f287e490717') in 0.040756 seconds 
========================================================================
Received Import Request.
  Time since last request: 0.000733 seconds.
  path: Assets/Course Library/_Source_Files/FBX/SI_GoldCupIcon.fbx
  artifactKey: Guid(823dde28ac754a14380d87d04313647b) Importer(815301076,1909f56bfc062723c751e8b465ee728b)
Start importing Assets/Course Library/_Source_Files/FBX/SI_GoldCupIcon.fbx using Guid(823dde28ac754a14380d87d04313647b) Importer(815301076,1909f56bfc062723c751e8b465ee728b)  -> (artifact id: 'ee6731a6ca8401e20fcbe39fe549d192') in 0.043789 seconds 
========================================================================
Received Import Request.
  Time since last request: 0.000563 seconds.
  path: Assets/Course Library/_Source_Files/FBX/SM_Icon_Star_01.fbx
  artifactKey: Guid(f7ec8369cac1a7e4ab36747b35f91c24) Importer(815301076,1909f56bfc062723c751e8b465ee728b)
Start importing Assets/Course Library/_Source_Files/FBX/SM_Icon_Star_01.fbx using Guid(f7ec8369cac1a7e4ab36747b35f91c24) Importer(815301076,1909f56bfc062723c751e8b465ee728b)  -> (artifact id: '19ee90215403d660397ddbdedd779452') in 0.043111 seconds 
========================================================================
Received Import Request.
  Time since last request: 347.014509 seconds.
  path: Assets/Prefabs/Rocket.prefab
  artifactKey: Guid(938add20355dbb342b51372c15de1efa) Importer(815301076,1909f56bfc062723c751e8b465ee728b)
Start importing Assets/Prefabs/Rocket.prefab using Guid(938add20355dbb342b51372c15de1efa) Importer(815301076,1909f56bfc062723c751e8b465ee728b)  -> (artifact id: '1f6e14ced2f71df1c1df4cba0cd43286') in 0.018027 seconds 
========================================================================
Received Import Request.
  Time since last request: 185.818198 seconds.
  path: Assets/Course Library/_Source_Files/Materials/PowerUpRockets_Material.mat
  artifactKey: Guid(561aa030ea8734245b7f1241f9edbafe) Importer(815301076,1909f56bfc062723c751e8b465ee728b)
Start importing Assets/Course Library/_Source_Files/Materials/PowerUpRockets_Material.mat using Guid(561aa030ea8734245b7f1241f9edbafe) Importer(815301076,1909f56bfc062723c751e8b465ee728b)  -> (artifact id: 'fe1d7d0bc40e2042bf27dc4d1a069b9a') in 0.029811 seconds 
========================================================================
Received Prepare
Registering precompiled user dll's ...
Registered in 0.003770 seconds.
Begin MonoManager ReloadAssembly
Native extension for WindowsStandalone target not found
Native extension for WebGL target not found
Refreshing native plugins compatible for Editor in 0.67 ms, found 1 plugins.
Preloading 0 native plugins for Editor in 0.00 ms.
Mono: successfully reloaded assembly
- Completed reload, in  1.200 seconds
Platform modules already initialized, skipping
Refreshing native plugins compatible for Editor in 0.63 ms, found 1 plugins.
Preloading 0 native plugins for Editor in 0.00 ms.
Unloading 2670 Unused Serialized files (Serialized files now loaded: 0)
System memory in use before: 103.2 MB.
System memory in use after: 103.4 MB.

Unloading 11 unused Assets to reduce memory usage. Loaded Objects now: 3195.
Total: 2.469200 ms (FindLiveObjects: 0.288200 ms CreateObjectMapping: 0.191300 ms MarkObjects: 1.925000 ms  DeleteObjects: 0.063500 ms)

========================================================================
Received Import Request.
  Time since last request: 113.232888 seconds.
  path: Assets/Prefabs/Rocket.prefab
  artifactKey: Guid(938add20355dbb342b51372c15de1efa) Importer(815301076,1909f56bfc062723c751e8b465ee728b)
Start importing Assets/Prefabs/Rocket.prefab using Guid(938add20355dbb342b51372c15de1efa) Importer(815301076,1909f56bfc062723c751e8b465ee728b)  -> (artifact id: 'f212fbb1a4bbcf81649ebc18f2c5fd7b') in 0.093811 seconds 
========================================================================
Received Prepare
Registering precompiled user dll's ...
Registered in 0.004650 seconds.
Begin MonoManager ReloadAssembly
Native extension for WindowsStandalone target not found
Native extension for WebGL target not found
Refreshing native plugins compatible for Editor in 0.76 ms, found 1 plugins.
Preloading 0 native plugins for Editor in 0.00 ms.
Mono: successfully reloaded assembly
- Completed reload, in  1.147 seconds
Platform modules already initialized, skipping
Refreshing native plugins compatible for Editor in 0.62 ms, found 1 plugins.
Preloading 0 native plugins for Editor in 0.00 ms.
Unloading 2670 Unused Serialized files (Serialized files now loaded: 0)
System memory in use before: 103.2 MB.
System memory in use after: 103.4 MB.

Unloading 10 unused Assets to reduce memory usage. Loaded Objects now: 3199.
Total: 2.345800 ms (FindLiveObjects: 0.263600 ms CreateObjectMapping: 0.145500 ms MarkObjects: 1.877900 ms  DeleteObjects: 0.057300 ms)

========================================================================
Received Prepare
Registering precompiled user dll's ...
Registered in 0.003514 seconds.
Begin MonoManager ReloadAssembly
Native extension for WindowsStandalone target not found
Native extension for WebGL target not found
Refreshing native plugins compatible for Editor in 0.65 ms, found 1 plugins.
Preloading 0 native plugins for Editor in 0.00 ms.
Mono: successfully reloaded assembly
- Completed reload, in  1.977 seconds
Platform modules already initialized, skipping
Refreshing native plugins compatible for Editor in 0.63 ms, found 1 plugins.
Preloading 0 native plugins for Editor in 0.00 ms.
Unloading 2670 Unused Serialized files (Serialized files now loaded: 0)
System memory in use before: 103.2 MB.
System memory in use after: 103.4 MB.

Unloading 10 unused Assets to reduce memory usage. Loaded Objects now: 3202.
Total: 2.892100 ms (FindLiveObjects: 0.368600 ms CreateObjectMapping: 0.251200 ms MarkObjects: 2.207300 ms  DeleteObjects: 0.063700 ms)

========================================================================
Received Import Request.
  Time since last request: 460.038208 seconds.
  path: Assets/Prefabs/Powerup.prefab
  artifactKey: Guid(5277d7810e9d712468fc627d605cc2b4) Importer(815301076,1909f56bfc062723c751e8b465ee728b)
Start importing Assets/Prefabs/Powerup.prefab using Guid(5277d7810e9d712468fc627d605cc2b4) Importer(815301076,1909f56bfc062723c751e8b465ee728b)  -> (artifact id: '8dea7305908b8f45b9236aa14ba8ee13') in 0.075213 seconds 
========================================================================
Received Import Request.
  Time since last request: 0.000322 seconds.
  path: Assets/Prefabs/PowerupRockets.prefab
  artifactKey: Guid(0cdd521ba9bd8a04b928a4ade5af90c2) Importer(815301076,1909f56bfc062723c751e8b465ee728b)
Start importing Assets/Prefabs/PowerupRockets.prefab using Guid(0cdd521ba9bd8a04b928a4ade5af90c2) Importer(815301076,1909f56bfc062723c751e8b465ee728b)  -> (artifact id: '23d21c69988389475c8dd59c212e34b2') in 0.025267 seconds 
========================================================================
Received Import Request.
  Time since last request: 226.317960 seconds.
  path: Assets/Prefabs/PowerupRockets.prefab
  artifactKey: Guid(0cdd521ba9bd8a04b928a4ade5af90c2) Importer(815301076,1909f56bfc062723c751e8b465ee728b)
Start importing Assets/Prefabs/PowerupRockets.prefab using Guid(0cdd521ba9bd8a04b928a4ade5af90c2) Importer(815301076,1909f56bfc062723c751e8b465ee728b)  -> (artifact id: 'e347d11897afe6f75e69d64718e51d0b') in 0.024571 seconds 
========================================================================
Received Import Request.
  Time since last request: 12.817526 seconds.
  path: Assets/Prefabs/PowerupSmash.prefab
  artifactKey: Guid(9f0e48f621bb0b64ba299020c297a7b7) Importer(815301076,1909f56bfc062723c751e8b465ee728b)
Start importing Assets/Prefabs/PowerupSmash.prefab using Guid(9f0e48f621bb0b64ba299020c297a7b7) Importer(815301076,1909f56bfc062723c751e8b465ee728b)  -> (artifact id: '6a2311fb8a1eac9c0e35dc52475d56eb') in 0.016959 seconds 
========================================================================
Received Prepare
Registering precompiled user dll's ...
Registered in 0.003778 seconds.
Begin MonoManager ReloadAssembly
Native extension for WindowsStandalone target not found
Native extension for WebGL target not found
Refreshing native plugins compatible for Editor in 0.72 ms, found 1 plugins.
Preloading 0 native plugins for Editor in 0.00 ms.
Mono: successfully reloaded assembly
- Completed reload, in  1.929 seconds
Platform modules already initialized, skipping
Refreshing native plugins compatible for Editor in 0.61 ms, found 1 plugins.
Preloading 0 native plugins for Editor in 0.00 ms.
Unloading 2670 Unused Serialized files (Serialized files now loaded: 0)
System memory in use before: 103.2 MB.
System memory in use after: 103.4 MB.

Unloading 10 unused Assets to reduce memory usage. Loaded Objects now: 3206.
Total: 2.528700 ms (FindLiveObjects: 0.258400 ms CreateObjectMapping: 0.142000 ms MarkObjects: 2.069400 ms  DeleteObjects: 0.057400 ms)

========================================================================
Received Import Request.
  Time since last request: 845.432586 seconds.
  path: Assets/Prefabs/Enemy.prefab
  artifactKey: Guid(62adf677d00d3934590f2dc6443cb418) Importer(815301076,1909f56bfc062723c751e8b465ee728b)
Start importing Assets/Prefabs/Enemy.prefab using Guid(62adf677d00d3934590f2dc6443cb418) Importer(815301076,1909f56bfc062723c751e8b465ee728b)  -> (artifact id: 'ea9809739a0907a5100be1608508c4ed') in 0.073933 seconds 
========================================================================
Received Import Request.
  Time since last request: 0.000332 seconds.
  path: Assets/Prefabs/EnemyFast.prefab
  artifactKey: Guid(cf012d31481cc864e91fbcd3c4e82382) Importer(815301076,1909f56bfc062723c751e8b465ee728b)
Start importing Assets/Prefabs/EnemyFast.prefab using Guid(cf012d31481cc864e91fbcd3c4e82382) Importer(815301076,1909f56bfc062723c751e8b465ee728b)  -> (artifact id: 'bfc1aac88a41731dc8156988c6b7a78b') in 0.024313 seconds 
========================================================================
Received Prepare
Registering precompiled user dll's ...
Registered in 0.003453 seconds.
Begin MonoManager ReloadAssembly
Native extension for WindowsStandalone target not found
Native extension for WebGL target not found
Refreshing native plugins compatible for Editor in 0.66 ms, found 1 plugins.
Preloading 0 native plugins for Editor in 0.00 ms.
Mono: successfully reloaded assembly
- Completed reload, in  1.915 seconds
Platform modules already initialized, skipping
Refreshing native plugins compatible for Editor in 0.75 ms, found 1 plugins.
Preloading 0 native plugins for Editor in 0.00 ms.
Unloading 2670 Unused Serialized files (Serialized files now loaded: 0)
System memory in use before: 103.2 MB.
System memory in use after: 103.4 MB.

Unloading 10 unused Assets to reduce memory usage. Loaded Objects now: 3210.
Total: 2.568700 ms (FindLiveObjects: 0.254000 ms CreateObjectMapping: 0.142200 ms MarkObjects: 2.107400 ms  DeleteObjects: 0.064100 ms)

========================================================================
Received Import Request.
  Time since last request: 202.187710 seconds.
  path: Assets/Course Library/_Source_Files/Materials/PowerUpSmash_Material..mat
  artifactKey: Guid(a0cc4bbb8ddd9bc4bb04a080f1b42978) Importer(815301076,1909f56bfc062723c751e8b465ee728b)
Start importing Assets/Course Library/_Source_Files/Materials/PowerUpSmash_Material..mat using Guid(a0cc4bbb8ddd9bc4bb04a080f1b42978) Importer(815301076,1909f56bfc062723c751e8b465ee728b)  -> (artifact id: '5c3d0f442816d0642564844fd2361237') in 0.079600 seconds 
========================================================================
Received Import Request.
  Time since last request: 1.263739 seconds.
  path: Assets/Course Library/_Source_Files/Textures/PolygonMinis_Texture_01.png
  artifactKey: Guid(65bf252a1d0243b40a63ee08ad703289) Importer(815301076,1909f56bfc062723c751e8b465ee728b)
Start importing Assets/Course Library/_Source_Files/Textures/PolygonMinis_Texture_01.png using Guid(65bf252a1d0243b40a63ee08ad703289) Importer(815301076,1909f56bfc062723c751e8b465ee728b)  -> (artifact id: '1cb25f0a7d0470d42d5c7b556f1a7f11') in 0.049816 seconds 
========================================================================
Received Import Request.
  Time since last request: 0.000308 seconds.
  path: Assets/Course Library/_Source_Files/Textures/SimpleIcons_Texture.png
  artifactKey: Guid(3e3e7739c37f6df4a9ac958352bdd251) Importer(815301076,1909f56bfc062723c751e8b465ee728b)
Start importing Assets/Course Library/_Source_Files/Textures/SimpleIcons_Texture.png using Guid(3e3e7739c37f6df4a9ac958352bdd251) Importer(815301076,1909f56bfc062723c751e8b465ee728b)  -> (artifact id: 'c53f96f477e402729630b72a91645f92') in 0.030993 seconds 
========================================================================
Received Import Request.
  Time since last request: 0.000394 seconds.
  path: Assets/Course Library/_Source_Files/Textures/PolygonPrototype_Texture_01.png
  artifactKey: Guid(86cb957541c7c8542a6306ffb82e6833) Importer(815301076,1909f56bfc062723c751e8b465ee728b)
Start importing Assets/Course Library/_Source_Files/Textures/PolygonPrototype_Texture_01.png using Guid(86cb957541c7c8542a6306ffb82e6833) Importer(815301076,1909f56bfc062723c751e8b465ee728b)  -> (artifact id: 'a6426590dc8e495bc6426191943aa284') in 0.037223 seconds 
========================================================================
Received Import Request.
  Time since last request: 0.000403 seconds.
  path: Assets/Course Library/_Source_Files/Textures/SimpleSky.png
  artifactKey: Guid(7bab9ac1487e10c40b9ed77d4c551e04) Importer(815301076,1909f56bfc062723c751e8b465ee728b)
Start importing Assets/Course Library/_Source_Files/Textures/SimpleSky.png using Guid(7bab9ac1487e10c40b9ed77d4c551e04) Importer(815301076,1909f56bfc062723c751e8b465ee728b)  -> (artifact id: 'a1f7c9d23a7f8103f50c2b7f46a389f9') in 0.029244 seconds 
========================================================================
Received Import Request.
  Time since last request: 0.000324 seconds.
  path: Assets/Course Library/_Source_Files/Textures/PolygonMinis_Texture_01_Purple.png
  artifactKey: Guid(9b654102de6ae3749a41941671a2cbe7) Importer(815301076,1909f56bfc062723c751e8b465ee728b)
Start importing Assets/Course Library/_Source_Files/Textures/PolygonMinis_Texture_01_Purple.png using Guid(9b654102de6ae3749a41941671a2cbe7) Importer(815301076,1909f56bfc062723c751e8b465ee728b)  -> (artifact id: '7e54fc8551a689bf7d9bd9430f465879') in 0.030339 seconds 
========================================================================
Received Import Request.
  Time since last request: 4.724566 seconds.
  path: Assets/Physics Materials/Bouncy.physicMaterial
  artifactKey: Guid(ff31df141a6b1b447802b63e516d277d) Importer(815301076,1909f56bfc062723c751e8b465ee728b)
Start importing Assets/Physics Materials/Bouncy.physicMaterial using Guid(ff31df141a6b1b447802b63e516d277d) Importer(815301076,1909f56bfc062723c751e8b465ee728b)  -> (artifact id: '93cfeff39ddf51b3b269ecee5c38e164') in 0.005852 seconds 
========================================================================
Received Import Request.
  Time since last request: 218.772806 seconds.
  path: Assets/Prefabs/Boss.prefab
  artifactKey: Guid(e55ad7e62b37dae42a0a5b83dbff8c06) Importer(815301076,1909f56bfc062723c751e8b465ee728b)
Start importing Assets/Prefabs/Boss.prefab using Guid(e55ad7e62b37dae42a0a5b83dbff8c06) Importer(815301076,1909f56bfc062723c751e8b465ee728b)  -> (artifact id: '8d67d6c07ac3048191ea1e737e3bf182') in 0.028048 seconds 
========================================================================
Received Import Request.
  Time since last request: 130.652940 seconds.
  path: Assets/Prefabs/MiniEnemy.prefab
  artifactKey: Guid(89958bf998e4a2148ad1336f107b4a35) Importer(815301076,1909f56bfc062723c751e8b465ee728b)
Start importing Assets/Prefabs/MiniEnemy.prefab using Guid(89958bf998e4a2148ad1336f107b4a35) Importer(815301076,1909f56bfc062723c751e8b465ee728b)  -> (artifact id: 'd839e2fd9a3d5e5d9b063553bb289f60') in 0.016582 seconds 
========================================================================
Received Import Request.
  Time since last request: 2.667698 seconds.
  path: Assets/Prefabs/MiniEnemyFast.prefab
  artifactKey: Guid(1378a5ea41183054493daec5589d60db) Importer(815301076,1909f56bfc062723c751e8b465ee728b)
Start importing Assets/Prefabs/MiniEnemyFast.prefab using Guid(1378a5ea41183054493daec5589d60db) Importer(815301076,1909f56bfc062723c751e8b465ee728b)  -> (artifact id: '7fbe7143fb46a6f264937056fdfa7e70') in 0.018820 seconds 
========================================================================
Received Prepare
Registering precompiled user dll's ...
Registered in 0.003620 seconds.
Begin MonoManager ReloadAssembly
Native extension for WindowsStandalone target not found
Native extension for WebGL target not found
Refreshing native plugins compatible for Editor in 0.70 ms, found 1 plugins.
Preloading 0 native plugins for Editor in 0.00 ms.
Mono: successfully reloaded assembly
- Completed reload, in  1.245 seconds
Platform modules already initialized, skipping
Refreshing native plugins compatible for Editor in 1.75 ms, found 1 plugins.
Preloading 0 native plugins for Editor in 0.00 ms.
Unloading 2675 Unused Serialized files (Serialized files now loaded: 0)
System memory in use before: 109.5 MB.
System memory in use after: 109.7 MB.

Unloading 10 unused Assets to reduce memory usage. Loaded Objects now: 3291.
Total: 2.754600 ms (FindLiveObjects: 0.560500 ms CreateObjectMapping: 0.152600 ms MarkObjects: 1.976400 ms  DeleteObjects: 0.063900 ms)

========================================================================
Received Prepare
Registering precompiled user dll's ...
Registered in 0.003800 seconds.
Begin MonoManager ReloadAssembly
Native extension for WindowsStandalone target not found
Native extension for WebGL target not found
Refreshing native plugins compatible for Editor in 0.63 ms, found 1 plugins.
Preloading 0 native plugins for Editor in 0.00 ms.
Mono: successfully reloaded assembly
- Completed reload, in  1.923 seconds
Platform modules already initialized, skipping
Refreshing native plugins compatible for Editor in 0.64 ms, found 1 plugins.
Preloading 0 native plugins for Editor in 0.00 ms.
Unloading 2670 Unused Serialized files (Serialized files now loaded: 0)
System memory in use before: 109.3 MB.
System memory in use after: 109.5 MB.

Unloading 10 unused Assets to reduce memory usage. Loaded Objects now: 3294.
Total: 2.773900 ms (FindLiveObjects: 0.351700 ms CreateObjectMapping: 0.166200 ms MarkObjects: 2.190600 ms  DeleteObjects: 0.063900 ms)

========================================================================
Received Prepare
Registering precompiled user dll's ...
Registered in 0.003769 seconds.
Begin MonoManager ReloadAssembly
Native extension for WindowsStandalone target not found
Native extension for WebGL target not found
Refreshing native plugins compatible for Editor in 0.63 ms, found 1 plugins.
Preloading 0 native plugins for Editor in 0.00 ms.
Mono: successfully reloaded assembly
- Completed reload, in  1.326 seconds
Platform modules already initialized, skipping
Refreshing native plugins compatible for Editor in 0.77 ms, found 1 plugins.
Preloading 0 native plugins for Editor in 0.00 ms.
Unloading 2670 Unused Serialized files (Serialized files now loaded: 0)
System memory in use before: 109.4 MB.
System memory in use after: 109.6 MB.

Unloading 10 unused Assets to reduce memory usage. Loaded Objects now: 3297.
Total: 2.684800 ms (FindLiveObjects: 0.264300 ms CreateObjectMapping: 0.144500 ms MarkObjects: 2.218600 ms  DeleteObjects: 0.056100 ms)

========================================================================
Received Import Request.
  Time since last request: 596.705810 seconds.
  path: Assets/Prefabs/MiniEnemyFast.prefab
  artifactKey: Guid(1378a5ea41183054493daec5589d60db) Importer(815301076,1909f56bfc062723c751e8b465ee728b)
Start importing Assets/Prefabs/MiniEnemyFast.prefab using Guid(1378a5ea41183054493daec5589d60db) Importer(815301076,1909f56bfc062723c751e8b465ee728b)  -> (artifact id: '648f568b44e144701e5982b2d98f37f9') in 0.067237 seconds 
========================================================================
Received Import Request.
  Time since last request: 6.836585 seconds.
  path: Assets/Prefabs/EnemyFast.prefab
  artifactKey: Guid(cf012d31481cc864e91fbcd3c4e82382) Importer(815301076,1909f56bfc062723c751e8b465ee728b)
Start importing Assets/Prefabs/EnemyFast.prefab using Guid(cf012d31481cc864e91fbcd3c4e82382) Importer(815301076,1909f56bfc062723c751e8b465ee728b)  -> (artifact id: 'c13da104e28454a6f9336e2d7e8c2a1b') in 0.017073 seconds 
========================================================================
Received Prepare
Registering precompiled user dll's ...
Registered in 0.005031 seconds.
Begin MonoManager ReloadAssembly
Native extension for WindowsStandalone target not found
Native extension for WebGL target not found
Refreshing native plugins compatible for Editor in 0.69 ms, found 1 plugins.
Preloading 0 native plugins for Editor in 0.00 ms.
Mono: successfully reloaded assembly
- Completed reload, in  1.214 seconds
Platform modules already initialized, skipping
Refreshing native plugins compatible for Editor in 0.65 ms, found 1 plugins.
Preloading 0 native plugins for Editor in 0.00 ms.
Unloading 2670 Unused Serialized files (Serialized files now loaded: 0)
System memory in use before: 109.4 MB.
System memory in use after: 109.6 MB.

Unloading 10 unused Assets to reduce memory usage. Loaded Objects now: 3301.
Total: 2.618200 ms (FindLiveObjects: 0.264700 ms CreateObjectMapping: 0.139700 ms MarkObjects: 2.150900 ms  DeleteObjects: 0.061600 ms)

========================================================================
Received Prepare
Registering precompiled user dll's ...
Registered in 0.003519 seconds.
Begin MonoManager ReloadAssembly
Native extension for WindowsStandalone target not found
Native extension for WebGL target not found
Refreshing native plugins compatible for Editor in 0.79 ms, found 1 plugins.
Preloading 0 native plugins for Editor in 0.00 ms.
Mono: successfully reloaded assembly
- Completed reload, in  2.073 seconds
Platform modules already initialized, skipping
Refreshing native plugins compatible for Editor in 0.62 ms, found 1 plugins.
Preloading 0 native plugins for Editor in 0.00 ms.
Unloading 2670 Unused Serialized files (Serialized files now loaded: 0)
System memory in use before: 109.4 MB.
System memory in use after: 109.6 MB.

Unloading 10 unused Assets to reduce memory usage. Loaded Objects now: 3304.
Total: 4.719900 ms (FindLiveObjects: 0.273000 ms CreateObjectMapping: 0.843800 ms MarkObjects: 3.542400 ms  DeleteObjects: 0.059400 ms)

========================================================================
Received Prepare
Registering precompiled user dll's ...
Registered in 0.003965 seconds.
Begin MonoManager ReloadAssembly
Native extension for WindowsStandalone target not found
Native extension for WebGL target not found
Refreshing native plugins compatible for Editor in 0.78 ms, found 1 plugins.
Preloading 0 native plugins for Editor in 0.00 ms.
Mono: successfully reloaded assembly
- Completed reload, in  1.096 seconds
Platform modules already initialized, skipping
Refreshing native plugins compatible for Editor in 0.63 ms, found 1 plugins.
Preloading 0 native plugins for Editor in 0.00 ms.
Unloading 2670 Unused Serialized files (Serialized files now loaded: 0)
System memory in use before: 109.4 MB.
System memory in use after: 109.6 MB.

Unloading 10 unused Assets to reduce memory usage. Loaded Objects now: 3307.
Total: 2.432600 ms (FindLiveObjects: 0.274300 ms CreateObjectMapping: 0.143700 ms MarkObjects: 1.957800 ms  DeleteObjects: 0.055500 ms)

========================================================================
Received Prepare
Registering precompiled user dll's ...
Registered in 0.003998 seconds.
Begin MonoManager ReloadAssembly
Native extension for WindowsStandalone target not found
Native extension for WebGL target not found
Refreshing native plugins compatible for Editor in 1.49 ms, found 1 plugins.
Preloading 0 native plugins for Editor in 0.00 ms.
Mono: successfully reloaded assembly
- Completed reload, in  1.419 seconds
Platform modules already initialized, skipping
Refreshing native plugins compatible for Editor in 0.62 ms, found 1 plugins.
Preloading 0 native plugins for Editor in 0.00 ms.
Unloading 2670 Unused Serialized files (Serialized files now loaded: 0)
System memory in use before: 109.5 MB.
System memory in use after: 109.7 MB.

Unloading 10 unused Assets to reduce memory usage. Loaded Objects now: 3310.
Total: 2.620100 ms (FindLiveObjects: 0.299300 ms CreateObjectMapping: 0.152000 ms MarkObjects: 2.071400 ms  DeleteObjects: 0.062200 ms)

========================================================================
Received Prepare
Registering precompiled user dll's ...
Registered in 0.003853 seconds.
Begin MonoManager ReloadAssembly
Native extension for WindowsStandalone target not found
Native extension for WebGL target not found
Refreshing native plugins compatible for Editor in 0.81 ms, found 1 plugins.
Preloading 0 native plugins for Editor in 0.00 ms.
Mono: successfully reloaded assembly
- Completed reload, in  1.217 seconds
Platform modules already initialized, skipping
Refreshing native plugins compatible for Editor in 0.93 ms, found 1 plugins.
Preloading 0 native plugins for Editor in 0.00 ms.
Unloading 2683 Unused Serialized files (Serialized files now loaded: 0)
System memory in use before: 111.5 MB.
System memory in use after: 111.1 MB.

Unloading 23 unused Assets to reduce memory usage. Loaded Objects now: 3313.
Total: 3.650000 ms (FindLiveObjects: 0.277000 ms CreateObjectMapping: 0.158200 ms MarkObjects: 2.876900 ms  DeleteObjects: 0.336700 ms)

========================================================================
Received Import Request.
  Time since last request: 2808.362005 seconds.
  path: Assets/TextMesh Pro/Resources/Fonts & Materials/LiberationSans SDF - Outline.mat
  artifactKey: Guid(79459efec17a4d00a321bdcc27bbc385) Importer(815301076,1909f56bfc062723c751e8b465ee728b)
Start importing Assets/TextMesh Pro/Resources/Fonts & Materials/LiberationSans SDF - Outline.mat using Guid(79459efec17a4d00a321bdcc27bbc385) Importer(815301076,1909f56bfc062723c751e8b465ee728b)  -> (artifact id: '289988fcecf3b00d1602f8d2b589f7dd') in 0.100741 seconds 
========================================================================
Received Import Request.
  Time since last request: 0.000314 seconds.
  path: Assets/TextMesh Pro/Resources/Fonts & Materials/LiberationSans SDF - Fallback.asset
  artifactKey: Guid(2e498d1c8094910479dc3e1b768306a4) Importer(815301076,1909f56bfc062723c751e8b465ee728b)
Start importing Assets/TextMesh Pro/Resources/Fonts & Materials/LiberationSans SDF - Fallback.asset using Guid(2e498d1c8094910479dc3e1b768306a4) Importer(815301076,1909f56bfc062723c751e8b465ee728b)  -> (artifact id: 'b8c2210586957436df79bf961aeff06e') in 0.142480 seconds 
========================================================================
Received Import Request.
  Time since last request: 0.000318 seconds.
  path: Assets/TextMesh Pro/Resources/Fonts & Materials/LiberationSans SDF - Drop Shadow.mat
  artifactKey: Guid(e73a58f6e2794ae7b1b7e50b7fb811b0) Importer(815301076,1909f56bfc062723c751e8b465ee728b)
Start importing Assets/TextMesh Pro/Resources/Fonts & Materials/LiberationSans SDF - Drop Shadow.mat using Guid(e73a58f6e2794ae7b1b7e50b7fb811b0) Importer(815301076,1909f56bfc062723c751e8b465ee728b)  -> (artifact id: 'ca0d2861f60500f05bd29199894f7bb5') in 0.079756 seconds 
========================================================================
Received Import Request.
  Time since last request: 0.000310 seconds.
  path: Assets/TextMesh Pro/Resources/Fonts & Materials/LiberationSans SDF.asset
  artifactKey: Guid(8f586378b4e144a9851e7b34d9b748ee) Importer(815301076,1909f56bfc062723c751e8b465ee728b)
Start importing Assets/TextMesh Pro/Resources/Fonts & Materials/LiberationSans SDF.asset using Guid(8f586378b4e144a9851e7b34d9b748ee) Importer(815301076,1909f56bfc062723c751e8b465ee728b)  -> (artifact id: 'f1280cc7be10b532b2897fc8654f95d3') in 0.065725 seconds 
========================================================================
Received Prepare
Registering precompiled user dll's ...
Registered in 0.003551 seconds.
Begin MonoManager ReloadAssembly
Native extension for WindowsStandalone target not found
Native extension for WebGL target not found
Refreshing native plugins compatible for Editor in 0.75 ms, found 1 plugins.
Preloading 0 native plugins for Editor in 0.00 ms.
Mono: successfully reloaded assembly
- Completed reload, in  3.591 seconds
Platform modules already initialized, skipping
Refreshing native plugins compatible for Editor in 2.56 ms, found 1 plugins.
Preloading 0 native plugins for Editor in 0.00 ms.
Unloading 2670 Unused Serialized files (Serialized files now loaded: 0)
System memory in use before: 110.4 MB.
System memory in use after: 110.6 MB.

Unloading 10 unused Assets to reduce memory usage. Loaded Objects now: 3348.
Total: 4.356500 ms (FindLiveObjects: 0.357100 ms CreateObjectMapping: 0.303600 ms MarkObjects: 3.620200 ms  DeleteObjects: 0.074200 ms)

========================================================================
Received Prepare
Registering precompiled user dll's ...
Registered in 0.004004 seconds.
Begin MonoManager ReloadAssembly
Native extension for WindowsStandalone target not found
Native extension for WebGL target not found
Refreshing native plugins compatible for Editor in 0.61 ms, found 1 plugins.
Preloading 0 native plugins for Editor in 0.00 ms.
Mono: successfully reloaded assembly
- Completed reload, in  1.158 seconds
Platform modules already initialized, skipping
Refreshing native plugins compatible for Editor in 0.70 ms, found 1 plugins.
Preloading 0 native plugins for Editor in 0.00 ms.
Unloading 2670 Unused Serialized files (Serialized files now loaded: 0)
System memory in use before: 110.4 MB.
System memory in use after: 110.6 MB.

Unloading 10 unused Assets to reduce memory usage. Loaded Objects now: 3351.
Total: 7.823900 ms (FindLiveObjects: 0.292300 ms CreateObjectMapping: 0.168700 ms MarkObjects: 7.295200 ms  DeleteObjects: 0.065800 ms)

========================================================================
Received Prepare
Registering precompiled user dll's ...
Registered in 0.003640 seconds.
Begin MonoManager ReloadAssembly
Native extension for WindowsStandalone target not found
Native extension for WebGL target not found
Refreshing native plugins compatible for Editor in 0.62 ms, found 1 plugins.
Preloading 0 native plugins for Editor in 0.00 ms.
Mono: successfully reloaded assembly
- Completed reload, in  1.172 seconds
Platform modules already initialized, skipping
Refreshing native plugins compatible for Editor in 0.70 ms, found 1 plugins.
Preloading 0 native plugins for Editor in 0.00 ms.
Unloading 2670 Unused Serialized files (Serialized files now loaded: 0)
System memory in use before: 110.4 MB.
System memory in use after: 110.6 MB.

Unloading 10 unused Assets to reduce memory usage. Loaded Objects now: 3354.
Total: 3.200500 ms (FindLiveObjects: 0.288700 ms CreateObjectMapping: 0.159300 ms MarkObjects: 2.696600 ms  DeleteObjects: 0.054700 ms)

========================================================================
Received Prepare
Registering precompiled user dll's ...
Registered in 0.003839 seconds.
Begin MonoManager ReloadAssembly
Native extension for WindowsStandalone target not found
Native extension for WebGL target not found
Refreshing native plugins compatible for Editor in 0.64 ms, found 1 plugins.
Preloading 0 native plugins for Editor in 0.00 ms.
Mono: successfully reloaded assembly
- Completed reload, in  1.199 seconds
Platform modules already initialized, skipping
Refreshing native plugins compatible for Editor in 0.67 ms, found 1 plugins.
Preloading 0 native plugins for Editor in 0.00 ms.
Unloading 2670 Unused Serialized files (Serialized files now loaded: 0)
System memory in use before: 110.4 MB.
System memory in use after: 110.6 MB.

Unloading 10 unused Assets to reduce memory usage. Loaded Objects now: 3357.
Total: 3.474100 ms (FindLiveObjects: 0.420600 ms CreateObjectMapping: 0.348900 ms MarkObjects: 2.633000 ms  DeleteObjects: 0.070200 ms)

========================================================================
Received Prepare
Registering precompiled user dll's ...
Registered in 0.003641 seconds.
Begin MonoManager ReloadAssembly
Native extension for WindowsStandalone target not found
Native extension for WebGL target not found
Refreshing native plugins compatible for Editor in 0.70 ms, found 1 plugins.
Preloading 0 native plugins for Editor in 0.00 ms.
Mono: successfully reloaded assembly
- Completed reload, in  1.270 seconds
Platform modules already initialized, skipping
Refreshing native plugins compatible for Editor in 0.65 ms, found 1 plugins.
Preloading 0 native plugins for Editor in 0.00 ms.
Unloading 2670 Unused Serialized files (Serialized files now loaded: 0)
System memory in use before: 110.4 MB.
System memory in use after: 110.6 MB.

Unloading 10 unused Assets to reduce memory usage. Loaded Objects now: 3360.
Total: 3.335300 ms (FindLiveObjects: 0.381100 ms CreateObjectMapping: 0.253100 ms MarkObjects: 2.637100 ms  DeleteObjects: 0.062500 ms)

========================================================================
Received Prepare
Registering precompiled user dll's ...
Registered in 0.003717 seconds.
Begin MonoManager ReloadAssembly
Native extension for WindowsStandalone target not found
Native extension for WebGL target not found
Refreshing native plugins compatible for Editor in 0.64 ms, found 1 plugins.
Preloading 0 native plugins for Editor in 0.00 ms.
Mono: successfully reloaded assembly
- Completed reload, in  1.522 seconds
Platform modules already initialized, skipping
Refreshing native plugins compatible for Editor in 1.50 ms, found 1 plugins.
Preloading 0 native plugins for Editor in 0.00 ms.
Unloading 2670 Unused Serialized files (Serialized files now loaded: 0)
System memory in use before: 110.4 MB.
System memory in use after: 110.6 MB.

Unloading 10 unused Assets to reduce memory usage. Loaded Objects now: 3363.
Total: 3.325900 ms (FindLiveObjects: 0.437900 ms CreateObjectMapping: 0.254900 ms MarkObjects: 2.571700 ms  DeleteObjects: 0.060000 ms)

========================================================================
Received Prepare
Registering precompiled user dll's ...
Registered in 0.003535 seconds.
Begin MonoManager ReloadAssembly
Native extension for WindowsStandalone target not found
Native extension for WebGL target not found
Refreshing native plugins compatible for Editor in 0.67 ms, found 1 plugins.
Preloading 0 native plugins for Editor in 0.00 ms.
Mono: successfully reloaded assembly
- Completed reload, in  1.323 seconds
Platform modules already initialized, skipping
Refreshing native plugins compatible for Editor in 0.92 ms, found 1 plugins.
Preloading 0 native plugins for Editor in 0.00 ms.
Unloading 2670 Unused Serialized files (Serialized files now loaded: 0)
System memory in use before: 110.4 MB.
System memory in use after: 110.6 MB.

Unloading 10 unused Assets to reduce memory usage. Loaded Objects now: 3366.
Total: 2.548800 ms (FindLiveObjects: 0.275600 ms CreateObjectMapping: 0.142100 ms MarkObjects: 2.073100 ms  DeleteObjects: 0.056800 ms)

========================================================================
Received Prepare
Registering precompiled user dll's ...
Registered in 0.003399 seconds.
Begin MonoManager ReloadAssembly
Native extension for WindowsStandalone target not found
Native extension for WebGL target not found
Refreshing native plugins compatible for Editor in 0.69 ms, found 1 plugins.
Preloading 0 native plugins for Editor in 0.00 ms.
Mono: successfully reloaded assembly
- Completed reload, in  1.159 seconds
Platform modules already initialized, skipping
Refreshing native plugins compatible for Editor in 1.58 ms, found 1 plugins.
Preloading 0 native plugins for Editor in 0.00 ms.
Unloading 2670 Unused Serialized files (Serialized files now loaded: 0)
System memory in use before: 110.5 MB.
System memory in use after: 110.7 MB.

Unloading 10 unused Assets to reduce memory usage. Loaded Objects now: 3369.
Total: 3.984900 ms (FindLiveObjects: 0.349700 ms CreateObjectMapping: 0.211900 ms MarkObjects: 3.340700 ms  DeleteObjects: 0.081000 ms)

========================================================================
Received Prepare
Registering precompiled user dll's ...
Registered in 0.004068 seconds.
Begin MonoManager ReloadAssembly
Native extension for WindowsStandalone target not found
Native extension for WebGL target not found
Refreshing native plugins compatible for Editor in 0.79 ms, found 1 plugins.
Preloading 0 native plugins for Editor in 0.00 ms.
Mono: successfully reloaded assembly
- Completed reload, in  1.254 seconds
Platform modules already initialized, skipping
Refreshing native plugins compatible for Editor in 0.66 ms, found 1 plugins.
Preloading 0 native plugins for Editor in 0.00 ms.
Unloading 2670 Unused Serialized files (Serialized files now loaded: 0)
System memory in use before: 110.5 MB.
System memory in use after: 110.7 MB.

Unloading 10 unused Assets to reduce memory usage. Loaded Objects now: 3372.
Total: 2.892100 ms (FindLiveObjects: 0.410300 ms CreateObjectMapping: 0.161900 ms MarkObjects: 2.260200 ms  DeleteObjects: 0.058200 ms)

========================================================================
Received Prepare
Registering precompiled user dll's ...
Registered in 0.003509 seconds.
Begin MonoManager ReloadAssembly
Native extension for WindowsStandalone target not found
Native extension for WebGL target not found
Refreshing native plugins compatible for Editor in 0.64 ms, found 1 plugins.
Preloading 0 native plugins for Editor in 0.00 ms.
Mono: successfully reloaded assembly
- Completed reload, in  1.238 seconds
Platform modules already initialized, skipping
Refreshing native plugins compatible for Editor in 0.61 ms, found 1 plugins.
Preloading 0 native plugins for Editor in 0.00 ms.
Unloading 2670 Unused Serialized files (Serialized files now loaded: 0)
System memory in use before: 110.5 MB.
System memory in use after: 110.7 MB.

Unloading 10 unused Assets to reduce memory usage. Loaded Objects now: 3375.
Total: 2.799500 ms (FindLiveObjects: 0.268900 ms CreateObjectMapping: 0.143400 ms MarkObjects: 2.330000 ms  DeleteObjects: 0.055800 ms)

========================================================================
Received Prepare
Registering precompiled user dll's ...
Registered in 0.007838 seconds.
Begin MonoManager ReloadAssembly
Native extension for WindowsStandalone target not found
Native extension for WebGL target not found
Refreshing native plugins compatible for Editor in 0.64 ms, found 1 plugins.
Preloading 0 native plugins for Editor in 0.00 ms.
Mono: successfully reloaded assembly
- Completed reload, in  7.292 seconds
Platform modules already initialized, skipping
Refreshing native plugins compatible for Editor in 0.67 ms, found 1 plugins.
Preloading 0 native plugins for Editor in 0.00 ms.
Unloading 2670 Unused Serialized files (Serialized files now loaded: 0)
System memory in use before: 110.5 MB.
System memory in use after: 110.7 MB.

Unloading 10 unused Assets to reduce memory usage. Loaded Objects now: 3378.
Total: 3.662600 ms (FindLiveObjects: 0.349900 ms CreateObjectMapping: 0.154800 ms MarkObjects: 3.100000 ms  DeleteObjects: 0.056500 ms)

========================================================================
Received Prepare
Refreshing native plugins compatible for Editor in 2.89 ms, found 1 plugins.
Preloading 0 native plugins for Editor in 0.00 ms.
Unloading 8 Unused Serialized files (Serialized files now loaded: 0)
System memory in use before: 57.8 MB.
System memory in use after: 58.0 MB.

Unloading 8 unused Assets to reduce memory usage. Loaded Objects now: 3378.
Total: 3.778900 ms (FindLiveObjects: 0.266800 ms CreateObjectMapping: 0.143500 ms MarkObjects: 3.310100 ms  DeleteObjects: 0.057400 ms)

========================================================================
Received Prepare
Refreshing native plugins compatible for Editor in 2.65 ms, found 1 plugins.
Preloading 0 native plugins for Editor in 0.00 ms.
Unloading 8 Unused Serialized files (Serialized files now loaded: 0)
System memory in use before: 57.8 MB.
System memory in use after: 58.0 MB.

Unloading 8 unused Assets to reduce memory usage. Loaded Objects now: 3378.
Total: 2.882100 ms (FindLiveObjects: 0.307300 ms CreateObjectMapping: 0.146100 ms MarkObjects: 2.363700 ms  DeleteObjects: 0.063800 ms)

AssetImportWorkerClient::OnTransportError - code=2 error=End of file
